<?xml version="1.0" encoding="UTF-8"?>
<testsuite xmlns:xsi="http://www.w3.org/2001/XMLSchema-instance" xsi:noNamespaceSchemaLocation="https://maven.apache.org/surefire/maven-surefire-plugin/xsd/surefire-test-report-3.0.xsd" version="3.0" name="com.tradeinsurance.appapplicationservice.AppApplicationServiceTest" time="1.198" tests="3" errors="0" skipped="0" failures="0">
  <properties>
[...]
</properties>
  <testcase name="testAppAmountIsNotUnitOf1000" classname="com.tradeinsurance.appapplicationservice.AppApplicationServiceTest" time="0.039">
    <system-out><![CDATA[
  .   ____          _            __ _ _
 /\\ / ___'_ __ _ _(_)_ __  __ _ \ \ \ \
( ( )\___ | '_ | '_| | '_ \/ _` | \ \ \ \
 \\/  ___)| |_)| | | | | || (_| |  ) ) ) )
  '  |____| .__|_| |_|_| |_\__, | / / / /
 =========|_|==============|___/=/_/_/_/

 :: Spring Boot ::                (v3.3.5)

2024-12-08T14:48:04.453+09:00  INFO 79447 --- [           main] c.t.a.AppApplicationServiceTest          : Starting AppApplicationServiceTest using Java 17.0.12 with PID 79447 (started by mooni in /Users/mooni/development/trade-insurance-system/app-service/app-domain/app-application-service)
2024-12-08T14:48:04.455+09:00  INFO 79447 --- [           main] c.t.a.AppApplicationServiceTest          : No active profile set, falling back to 1 default profile: "default"
2024-12-08T14:48:05.312+09:00  INFO 79447 --- [           main] c.t.a.AppApplicationServiceTest          : Started AppApplicationServiceTest in 0.969 seconds (process running for 1.356)
]]></system-out>
  </testcase>
  <testcase name="testCreateApp" classname="com.tradeinsurance.appapplicationservice.AppApplicationServiceTest" time="0.004">
    <system-out><![CDATA[2024-12-08T14:48:05.378+09:00  INFO 79447 --- [           main] c.t.appdomaincore.AppDomainServiceImpl   : app with id: 003c4843-a1db-4f92-82f1-55e21d554bca is initialized
2024-12-08T14:48:05.379+09:00  INFO 79447 --- [           main] c.t.a.AppCreateHelper                    : App is saved with id: com.tradeinsurance.commonlibrary.domain.valueobject.AppId@3e4319f9
2024-12-08T14:48:05.379+09:00  INFO 79447 --- [           main] c.t.a.AppCreateHelper                    : App is created with id: com.tradeinsurance.commonlibrary.domain.valueobject.AppId@3e4319f9
2024-12-08T14:48:05.379+09:00  INFO 79447 --- [           main] c.t.a.AppCreateCommandHandler            : App is created with id: 003c4843-a1db-4f92-82f1-55e21d554bca
2024-12-08T14:48:05.379+09:00  INFO 79447 --- [           main] c.t.a.AppApplicationServiceTest          : createAppResponse.getMessage() :: >> App created successfully.
]]></system-out>
  </testcase>
  <testcase name="testAppAmountIsUnder5000" classname="com.tradeinsurance.appapplicationservice.AppApplicationServiceTest" time="0.001"/>
</testsuite>